2018-02-21 00:25 +02:00: Listening at 3000
2018-02-21 00:25 +02:00: Listening at 3000
2018-02-21 00:25 +02:00: Listening at 3000
2018-02-21 00:25 +02:00: Listening at 3000
2018-02-21 00:45 +02:00: Listening at 3000
2018-02-21 00:45 +02:00: Listening at 3000
2018-02-21 00:45 +02:00: Listening at 3000
2018-02-21 00:45 +02:00: Listening at 3000
2018-02-21 00:47 +02:00: Listening at 3000
2018-02-21 00:47 +02:00: Listening at 3000
2018-02-21 00:47 +02:00: Listening at 3000
2018-02-21 00:47 +02:00: Listening at 3000
2018-02-21 00:48 +02:00: { error: 
   { errors: undefined,
     message: 'Request failed with status code 429' } }
2018-02-21 00:50 +02:00: Listening at 3000
2018-02-21 00:50 +02:00: Listening at 3000
2018-02-21 00:50 +02:00: Listening at 3000
2018-02-21 00:50 +02:00: Listening at 3000
2018-02-21 00:50 +02:00: { error: undefined }
2018-02-21 00:50 +02:00: { error: undefined }
2018-02-21 00:50 +02:00: { error: undefined }
